Flow report for audioplay
Thu May 29 15:44:16 2025
Quartus Prime Version 18.0.0 Build 614 04/24/2018 SJ Lite Edition


---------------------
; Table of Contents ;
---------------------
  1. Legal Notice
  2. Flow Summary
  3. Flow Settings
  4. Flow Non-Default Global Settings
  5. Flow Elapsed Time
  6. Flow OS Summary
  7. Flow Log
  8. Flow Messages
  9. Flow Suppressed Messages



----------------
; Legal Notice ;
----------------
Copyright (C) 2018  Intel Corporation. All rights reserved.
Your use of Intel Corporation's design tools, logic functions 
and other software and tools, and its AMPP partner logic 
functions, and any output files from any of the foregoing 
(including device programming or simulation files), and any 
associated documentation or information are expressly subject 
to the terms and conditions of the Intel Program License 
Subscription Agreement, the Intel Quartus Prime License Agreement,
the Intel FPGA IP License Agreement, or other applicable license
agreement, including, without limitation, that your use is for
the sole purpose of programming logic devices manufactured by
Intel and sold by Intel or its authorized distributors.  Please
refer to the applicable agreement for further details.



+---------------------------------------------------------------------------+
; Flow Summary                                                              ;
+-----------------------------+---------------------------------------------+
; Flow Status                 ; Successful - Thu May 29 15:44:16 2025       ;
; Quartus Prime Version       ; 18.0.0 Build 614 04/24/2018 SJ Lite Edition ;
; Revision Name               ; audioplay                                   ;
; Top-level Entity Name       ; audioplay                                   ;
; Family                      ; Cyclone V                                   ;
; Device                      ; 5CSEMA5F31C6                                ;
; Timing Models               ; Final                                       ;
; Logic utilization (in ALMs) ; N/A until Partition Merge                   ;
; Total registers             ; N/A until Partition Merge                   ;
; Total pins                  ; N/A until Partition Merge                   ;
; Total virtual pins          ; N/A until Partition Merge                   ;
; Total block memory bits     ; N/A until Partition Merge                   ;
; Total PLLs                  ; N/A until Partition Merge                   ;
; Total DLLs                  ; N/A until Partition Merge                   ;
+-----------------------------+---------------------------------------------+


+-----------------------------------------+
; Flow Settings                           ;
+-------------------+---------------------+
; Option            ; Setting             ;
+-------------------+---------------------+
; Start date & time ; 05/29/2025 15:43:19 ;
; Main task         ; Compilation         ;
; Revision Name     ; audioplay           ;
+-------------------+---------------------+


+----------------------------------------------------------------------------------------------------------------------------------------------------------------------------+
; Flow Non-Default Global Settings                                                                                                                                           ;
+-------------------------------------+-------------------------------------------------------------------------+---------------+-------------------------------+------------+
; Assignment Name                     ; Value                                                                   ; Default Value ; Entity Name                   ; Section Id ;
+-------------------------------------+-------------------------------------------------------------------------+---------------+-------------------------------+------------+
; COMPILER_SIGNATURE_ID               ; 51368067712058.174855499912527                                          ; --            ; --                            ; --         ;
; HPS_ISW_FILE                        ; audioplay/synthesis/submodules/sequencer/sdram_io.pre.h                 ; --            ; audioplay_hps_0_hps_io_border ; --         ;
; HPS_ISW_FILE                        ; audioplay/synthesis/submodules/sequencer/alt_types.pre.h                ; --            ; audioplay_hps_0_hps_io_border ; --         ;
; HPS_ISW_FILE                        ; audioplay/synthesis/submodules/sequencer/system.pre.h                   ; --            ; audioplay_hps_0_hps_io_border ; --         ;
; HPS_ISW_FILE                        ; audioplay/synthesis/submodules/sequencer/sequencer.pre.c                ; --            ; audioplay_hps_0_hps_io_border ; --         ;
; HPS_ISW_FILE                        ; audioplay/synthesis/submodules/sequencer/sequencer.pre.h                ; --            ; audioplay_hps_0_hps_io_border ; --         ;
; HPS_ISW_FILE                        ; audioplay/synthesis/submodules/sequencer/tclrpt.pre.c                   ; --            ; audioplay_hps_0_hps_io_border ; --         ;
; HPS_ISW_FILE                        ; audioplay/synthesis/submodules/sequencer/tclrpt.pre.h                   ; --            ; audioplay_hps_0_hps_io_border ; --         ;
; HPS_ISW_FILE                        ; audioplay/synthesis/submodules/sequencer/sequencer_defines.pre.h        ; --            ; audioplay_hps_0_hps_io_border ; --         ;
; HPS_ISW_FILE                        ; audioplay/synthesis/submodules/sequencer/sequencer_auto_ac_init.pre.c   ; --            ; audioplay_hps_0_hps_io_border ; --         ;
; HPS_ISW_FILE                        ; audioplay/synthesis/submodules/sequencer/sequencer_auto_inst_init.pre.c ; --            ; audioplay_hps_0_hps_io_border ; --         ;
; HPS_ISW_FILE                        ; audioplay/synthesis/submodules/sequencer/sequencer_auto.pre.h           ; --            ; audioplay_hps_0_hps_io_border ; --         ;
; HPS_ISW_FILE                        ; audioplay/synthesis/submodules/sequencer/emif.pre.xml                   ; --            ; audioplay_hps_0_hps_io_border ; --         ;
; HPS_ISW_FILE                        ; audioplay/synthesis/submodules/hps.pre.xml                              ; --            ; audioplay_hps_0_hps_io_border ; --         ;
; HPS_PARTITION                       ; On                                                                      ; --            ; audioplay_hps_0_hps_io_border ; --         ;
; MAX_CORE_JUNCTION_TEMP              ; 85                                                                      ; --            ; --                            ; --         ;
; MIN_CORE_JUNCTION_TEMP              ; 0                                                                       ; --            ; --                            ; --         ;
; MISC_FILE                           ; audioplay/synthesis/../audioplay.cmp                                    ; --            ; --                            ; --         ;
; MISC_FILE                           ; audioplay/synthesis/audioplay_hps_0_hps.svd                             ; --            ; --                            ; --         ;
; MISC_FILE                           ; audioplay/synthesis/../../audioplay.qsys                                ; --            ; --                            ; --         ;
; MISC_FILE                           ; audioplay/synthesis/submodules/sequencer/sdram_io.pre.h                 ; --            ; --                            ; --         ;
; MISC_FILE                           ; audioplay/synthesis/submodules/sequencer/alt_types.pre.h                ; --            ; --                            ; --         ;
; MISC_FILE                           ; audioplay/synthesis/submodules/sequencer/system.pre.h                   ; --            ; --                            ; --         ;
; MISC_FILE                           ; audioplay/synthesis/submodules/sequencer/sequencer.pre.c                ; --            ; --                            ; --         ;
; MISC_FILE                           ; audioplay/synthesis/submodules/sequencer/sequencer.pre.h                ; --            ; --                            ; --         ;
; MISC_FILE                           ; audioplay/synthesis/submodules/sequencer/tclrpt.pre.c                   ; --            ; --                            ; --         ;
; MISC_FILE                           ; audioplay/synthesis/submodules/sequencer/tclrpt.pre.h                   ; --            ; --                            ; --         ;
; MISC_FILE                           ; audioplay/synthesis/submodules/sequencer/sequencer_defines.pre.h        ; --            ; --                            ; --         ;
; MISC_FILE                           ; audioplay/synthesis/submodules/sequencer/sequencer_auto_ac_init.pre.c   ; --            ; --                            ; --         ;
; MISC_FILE                           ; audioplay/synthesis/submodules/sequencer/sequencer_auto_inst_init.pre.c ; --            ; --                            ; --         ;
; MISC_FILE                           ; audioplay/synthesis/submodules/sequencer/sequencer_auto.pre.h           ; --            ; --                            ; --         ;
; MISC_FILE                           ; audioplay/synthesis/submodules/sequencer/emif.pre.xml                   ; --            ; --                            ; --         ;
; MISC_FILE                           ; audioplay/synthesis/submodules/hps.pre.xml                              ; --            ; --                            ; --         ;
; PARTITION_COLOR                     ; -- (Not supported for targeted family)                                  ; --            ; --                            ; Top        ;
; PARTITION_FITTER_PRESERVATION_LEVEL ; -- (Not supported for targeted family)                                  ; --            ; --                            ; Top        ;
; PARTITION_NETLIST_TYPE              ; -- (Not supported for targeted family)                                  ; --            ; --                            ; Top        ;
; POWER_BOARD_THERMAL_MODEL           ; None (CONSERVATIVE)                                                     ; --            ; --                            ; --         ;
; POWER_PRESET_COOLING_SOLUTION       ; 23 MM HEAT SINK WITH 200 LFPM AIRFLOW                                   ; --            ; --                            ; --         ;
; PROJECT_OUTPUT_DIRECTORY            ; output_files                                                            ; --            ; --                            ; --         ;
; SLD_FILE                            ; audioplay/synthesis/audioplay.regmap                                    ; --            ; --                            ; --         ;
; SLD_FILE                            ; audioplay/synthesis/audioplay.debuginfo                                 ; --            ; --                            ; --         ;
; SLD_INFO                            ; QSYS_NAME audioplay HAS_SOPCINFO 1 GENERATION_ID 1748554075             ; --            ; --                            ; --         ;
; SOPCINFO_FILE                       ; audioplay/synthesis/../../audioplay.sopcinfo                            ; --            ; --                            ; --         ;
; SYNTHESIS_ONLY_QIP                  ; On                                                                      ; --            ; --                            ; --         ;
+-------------------------------------+-------------------------------------------------------------------------+---------------+-------------------------------+------------+


+----------------------------------------------------------------------------------------------------------------------------+
; Flow Elapsed Time                                                                                                          ;
+------------------------+--------------+-------------------------+---------------------+------------------------------------+
; Module Name            ; Elapsed Time ; Average Processors Used ; Peak Virtual Memory ; Total CPU Time (on all processors) ;
+------------------------+--------------+-------------------------+---------------------+------------------------------------+
; Analysis & Elaboration ; 00:01:02     ; 1.0                     ; 1854 MB             ; 00:01:55                           ;
; Total                  ; 00:01:02     ; --                      ; --                  ; 00:01:55                           ;
+------------------------+--------------+-------------------------+---------------------+------------------------------------+


+----------------------------------------------------------------------------------------------+
; Flow OS Summary                                                                              ;
+------------------------+------------------+----------------+----------------+----------------+
; Module Name            ; Machine Hostname ; OS Name        ; OS Version     ; Processor type ;
+------------------------+------------------+----------------+----------------+----------------+
; Analysis & Elaboration ; isa-pc           ; Nobara release ; Nobara release ; x86_64         ;
+------------------------+------------------+----------------+----------------+----------------+


------------
; Flow Log ;
------------
quartus_map --read_settings_files=on --write_settings_files=off audioplay -c audioplay --analysis_and_elaboration



