Flow report for audioempotrados
Sun Jun  8 10:52:28 2025
Quartus Prime Version 18.1.0 Build 625 09/12/2018 SJ Lite Edition


---------------------
; Table of Contents ;
---------------------
  1. Legal Notice
  2. Flow Summary
  3. Flow Settings
  4. Flow Non-Default Global Settings
  5. Flow Elapsed Time
  6. Flow OS Summary
  7. Flow Log
  8. Flow Messages
  9. Flow Suppressed Messages



----------------
; Legal Notice ;
----------------
Copyright (C) 2018  Intel Corporation. All rights reserved.
Your use of Intel Corporation's design tools, logic functions 
and other software and tools, and its AMPP partner logic 
functions, and any output files from any of the foregoing 
(including device programming or simulation files), and any 
associated documentation or information are expressly subject 
to the terms and conditions of the Intel Program License 
Subscription Agreement, the Intel Quartus Prime License Agreement,
the Intel FPGA IP License Agreement, or other applicable license
agreement, including, without limitation, that your use is for
the sole purpose of programming logic devices manufactured by
Intel and sold by Intel or its authorized distributors.  Please
refer to the applicable agreement for further details.



+-------------------------------------------------------------------------------+
; Flow Summary                                                                  ;
+---------------------------------+---------------------------------------------+
; Flow Status                     ; Successful - Sun Jun  8 10:52:11 2025       ;
; Quartus Prime Version           ; 18.1.0 Build 625 09/12/2018 SJ Lite Edition ;
; Revision Name                   ; audioempotrados                             ;
; Top-level Entity Name           ; audiosystem                                 ;
; Family                          ; Cyclone V                                   ;
; Device                          ; 5CSEMA5F31C6                                ;
; Timing Models                   ; Final                                       ;
; Logic utilization (in ALMs)     ; 1,174 / 32,070 ( 4 % )                      ;
; Total registers                 ; 1635                                        ;
; Total pins                      ; 43 / 457 ( 9 % )                            ;
; Total virtual pins              ; 0                                           ;
; Total block memory bits         ; 150,528 / 4,065,280 ( 4 % )                 ;
; Total DSP Blocks                ; 0 / 87 ( 0 % )                              ;
; Total HSSI RX PCSs              ; 0                                           ;
; Total HSSI PMA RX Deserializers ; 0                                           ;
; Total HSSI TX PCSs              ; 0                                           ;
; Total HSSI PMA TX Serializers   ; 0                                           ;
; Total PLLs                      ; 1 / 6 ( 17 % )                              ;
; Total DLLs                      ; 0 / 4 ( 0 % )                               ;
+---------------------------------+---------------------------------------------+


+-----------------------------------------+
; Flow Settings                           ;
+-------------------+---------------------+
; Option            ; Setting             ;
+-------------------+---------------------+
; Start date & time ; 06/08/2025 10:49:12 ;
; Main task         ; Compilation         ;
; Revision Name     ; audioempotrados     ;
+-------------------+---------------------+


+--------------------------------------------------------------------------------------------------------------------------------------------------+
; Flow Non-Default Global Settings                                                                                                                 ;
+-------------------------------------+---------------------------------------------------------------+-----------------+-------------+------------+
; Assignment Name                     ; Value                                                         ; Default Value   ; Entity Name ; Section Id ;
+-------------------------------------+---------------------------------------------------------------+-----------------+-------------+------------+
; COMPILER_SIGNATURE_ID               ; 252976031136798.174940135207760                               ; --              ; --          ; --         ;
; MAX_CORE_JUNCTION_TEMP              ; 85                                                            ; --              ; --          ; --         ;
; MIN_CORE_JUNCTION_TEMP              ; 0                                                             ; --              ; --          ; --         ;
; MISC_FILE                           ; audiosystem/synthesis/../audiosystem.cmp                      ; --              ; --          ; --         ;
; MISC_FILE                           ; audiosystem/synthesis/../../audiosystem.qsys                  ; --              ; --          ; --         ;
; PARTITION_COLOR                     ; -- (Not supported for targeted family)                        ; --              ; audiosystem ; Top        ;
; PARTITION_FITTER_PRESERVATION_LEVEL ; -- (Not supported for targeted family)                        ; --              ; audiosystem ; Top        ;
; PARTITION_NETLIST_TYPE              ; -- (Not supported for targeted family)                        ; --              ; audiosystem ; Top        ;
; POWER_BOARD_THERMAL_MODEL           ; None (CONSERVATIVE)                                           ; --              ; --          ; --         ;
; POWER_PRESET_COOLING_SOLUTION       ; 23 MM HEAT SINK WITH 200 LFPM AIRFLOW                         ; --              ; --          ; --         ;
; PROJECT_OUTPUT_DIRECTORY            ; output_files                                                  ; --              ; --          ; --         ;
; SLD_FILE                            ; audiosystem/synthesis/audiosystem.regmap                      ; --              ; --          ; --         ;
; SLD_FILE                            ; audiosystem/synthesis/audiosystem.debuginfo                   ; --              ; --          ; --         ;
; SLD_INFO                            ; QSYS_NAME audiosystem HAS_SOPCINFO 1 GENERATION_ID 1749401135 ; --              ; audiosystem ; --         ;
; SOPCINFO_FILE                       ; audiosystem/synthesis/../../audiosystem.sopcinfo              ; --              ; --          ; --         ;
; SYNTHESIS_ONLY_QIP                  ; On                                                            ; --              ; --          ; --         ;
; TOP_LEVEL_ENTITY                    ; audiosystem                                                   ; audioempotrados ; --          ; --         ;
+-------------------------------------+---------------------------------------------------------------+-----------------+-------------+------------+


+--------------------------------------------------------------------------------------------------------------------------+
; Flow Elapsed Time                                                                                                        ;
+----------------------+--------------+-------------------------+---------------------+------------------------------------+
; Module Name          ; Elapsed Time ; Average Processors Used ; Peak Virtual Memory ; Total CPU Time (on all processors) ;
+----------------------+--------------+-------------------------+---------------------+------------------------------------+
; Analysis & Synthesis ; 00:00:57     ; 1.0                     ; 1418 MB             ; 00:01:57                           ;
; Fitter               ; 00:01:40     ; 1.1                     ; 2799 MB             ; 00:03:08                           ;
; Assembler            ; 00:00:13     ; 1.0                     ; 1196 MB             ; 00:00:12                           ;
; Timing Analyzer      ; 00:00:15     ; 1.8                     ; 1506 MB             ; 00:00:25                           ;
; Total                ; 00:03:05     ; --                      ; --                  ; 00:05:42                           ;
+----------------------+--------------+-------------------------+---------------------+------------------------------------+


+--------------------------------------------------------------------------------------------+
; Flow OS Summary                                                                            ;
+----------------------+------------------+----------------+----------------+----------------+
; Module Name          ; Machine Hostname ; OS Name        ; OS Version     ; Processor type ;
+----------------------+------------------+----------------+----------------+----------------+
; Analysis & Synthesis ; isa-pc           ; Nobara release ; Nobara release ; x86_64         ;
; Fitter               ; isa-pc           ; Nobara release ; Nobara release ; x86_64         ;
; Assembler            ; isa-pc           ; Nobara release ; Nobara release ; x86_64         ;
; Timing Analyzer      ; isa-pc           ; Nobara release ; Nobara release ; x86_64         ;
+----------------------+------------------+----------------+----------------+----------------+


------------
; Flow Log ;
------------
quartus_map --read_settings_files=on --write_settings_files=off audioempotrados -c audioempotrados
quartus_fit --read_settings_files=off --write_settings_files=off audioempotrados -c audioempotrados
quartus_asm --read_settings_files=off --write_settings_files=off audioempotrados -c audioempotrados
quartus_sta audioempotrados -c audioempotrados



